<?xml version="1.0" encoding="UTF-8"?>
<!-- Generated by org.testng.reporters.JUnitXMLReporter -->
<testsuite ignored="0" hostname="W10CG753X2" failures="0" tests="5" name="Default test" time="9.86" errors="0" timestamp="2021-12-19T23:51:13 IST">
  <testcase classname="Blazedemo.blazedemo.testcases.Booking" name="verifyTitleOfThePage" time="0.047"/>
  <testcase classname="Blazedemo.blazedemo.testcases.Booking" name="submitFindFlights" time="1.506"/>
  <testcase classname="Blazedemo.blazedemo.testcases.Booking" name="fillReservationForm" time="0.0">
    <skipped/>
  </testcase> <!-- fillReservationForm -->
  <testcase classname="Blazedemo.blazedemo.testcases.Booking" name="captureSuccessMessage" time="0.0">
    <skipped/>
  </testcase> <!-- captureSuccessMessage -->
  <testcase classname="Blazedemo.blazedemo.testcases.Booking" name="assertConfirmationId" time="0.0">
    <skipped/>
  </testcase> <!-- assertConfirmationId -->
</testsuite> <!-- Default test -->
