<?xml version="1.0" encoding="UTF-8"?>
<!-- Generated by org.testng.reporters.JUnitXMLReporter -->
<testsuite ignored="0" hostname="W10CG753X2" failures="0" tests="5" name="Test" time="11.248" errors="0" timestamp="2021-12-19T22:41:01 IST">
  <testcase classname="Blazedemo.blazedemo.testcases.Booking" name="verifyTitleOfThePage" time="0.067"/>
  <testcase classname="Blazedemo.blazedemo.testcases.Booking" name="submitFindFlights" time="1.625"/>
  <testcase classname="Blazedemo.blazedemo.testcases.Booking" name="fillReservationForm" time="1.228"/>
  <testcase classname="Blazedemo.blazedemo.testcases.Booking" name="captureSuccessMessage" time="0.035"/>
  <testcase classname="Blazedemo.blazedemo.testcases.Booking" name="assertConfirmationId" time="0.027"/>
</testsuite> <!-- Test -->
