<?xml version="1.0" encoding="UTF-8"?>
<testng-results ignored="0" total="5" passed="5" failed="0" skipped="0">
  <reporter-output>
    <line>
      <![CDATA[===== Browser Session Started =====]]>
    </line>
    <line>
      <![CDATA[=====Application Started=====]]>
    </line>
    <line>
      <![CDATA[=====Application Finished=====]]>
    </line>
  </reporter-output>
  <suite started-at="2021-12-19T22:40:50 IST" name="Suite" finished-at="2021-12-19T22:41:01 IST" duration-ms="11248">
    <groups>
    </groups>
    <test started-at="2021-12-19T22:40:50 IST" name="Test" finished-at="2021-12-19T22:41:01 IST" duration-ms="11248">
      <class name="Blazedemo.blazedemo.testcases.Booking">
        <test-method is-config="true" signature="setupApplication()[pri:0, instance:Blazedemo.blazedemo.testcases.Booking@1cf6d1be]" started-at="2021-12-19T22:40:50 IST" name="setupApplication" finished-at="2021-12-19T22:40:58 IST" duration-ms="7919" status="PASS">
          <reporter-output>
            <line>
              <![CDATA[===== Browser Session Started =====]]>
            </line>
            <line>
              <![CDATA[=====Application Started=====]]>
            </line>
          </reporter-output>
        </test-method> <!-- setupApplication -->
        <test-method signature="verifyTitleOfThePage()[pri:0, instance:Blazedemo.blazedemo.testcases.Booking@1cf6d1be]" started-at="2021-12-19T22:40:58 IST" name="verifyTitleOfThePage" finished-at="2021-12-19T22:40:58 IST" duration-ms="67" status="PASS">
          <reporter-output>
          </reporter-output>
        </test-method> <!-- verifyTitleOfThePage -->
        <test-method signature="submitFindFlights()[pri:1, instance:Blazedemo.blazedemo.testcases.Booking@1cf6d1be]" started-at="2021-12-19T22:40:58 IST" name="submitFindFlights" finished-at="2021-12-19T22:40:59 IST" duration-ms="1625" status="PASS">
          <reporter-output>
          </reporter-output>
        </test-method> <!-- submitFindFlights -->
        <test-method signature="fillReservationForm()[pri:2, instance:Blazedemo.blazedemo.testcases.Booking@1cf6d1be]" started-at="2021-12-19T22:40:59 IST" name="fillReservationForm" finished-at="2021-12-19T22:41:01 IST" depends-on-methods="Blazedemo.blazedemo.testcases.Booking.submitFindFlights" duration-ms="1228" status="PASS">
          <reporter-output>
          </reporter-output>
        </test-method> <!-- fillReservationForm -->
        <test-method signature="captureSuccessMessage()[pri:3, instance:Blazedemo.blazedemo.testcases.Booking@1cf6d1be]" started-at="2021-12-19T22:41:01 IST" name="captureSuccessMessage" finished-at="2021-12-19T22:41:01 IST" depends-on-methods="Blazedemo.blazedemo.testcases.Booking.fillReservationForm" duration-ms="35" status="PASS">
          <reporter-output>
          </reporter-output>
        </test-method> <!-- captureSuccessMessage -->
        <test-method signature="assertConfirmationId()[pri:4, instance:Blazedemo.blazedemo.testcases.Booking@1cf6d1be]" started-at="2021-12-19T22:41:01 IST" name="assertConfirmationId" finished-at="2021-12-19T22:41:01 IST" depends-on-methods="Blazedemo.blazedemo.testcases.Booking.captureSuccessMessage" duration-ms="27" status="PASS">
          <reporter-output>
          </reporter-output>
        </test-method> <!-- assertConfirmationId -->
        <test-method is-config="true" signature="afterTest()[pri:0, instance:Blazedemo.blazedemo.testcases.Booking@1cf6d1be]" started-at="2021-12-19T22:41:01 IST" name="afterTest" finished-at="2021-12-19T22:41:01 IST" duration-ms="299" status="PASS">
          <reporter-output>
            <line>
              <![CDATA[=====Application Finished=====]]>
            </line>
          </reporter-output>
        </test-method> <!-- afterTest -->
      </class> <!-- Blazedemo.blazedemo.testcases.Booking -->
    </test> <!-- Test -->
  </suite> <!-- Suite -->
</testng-results>
