<?xml version="1.0" encoding="UTF-8"?>
<testsuite xmlns:xsi="http://www.w3.org/2001/XMLSchema-instance" xsi:noNamespaceSchemaLocation="https://maven.apache.org/surefire/maven-surefire-plugin/xsd/surefire-test-report-3.0.xsd" version="3.0" name="TestSuite" time="12.804" tests="5" errors="0" skipped="0" failures="0">
  <properties>
[...]
</properties>
  <testcase name="verifyTitleOfThePage" classname="Blazedemo.blazedemo.testcases.Booking" time="0.035">
    <system-out><![CDATA[****************SUITE STARTED*************
===== Browser Session Started =====
=====Application Started=====
Test Passed
]]></system-out>
    <system-err><![CDATA[Starting ChromeDriver 96.0.4664.18 (b8887b3d1742adb0873f871edc1d8d8c1d46bb96-refs/branch-heads/4664@{#236}) on port 35913
Only local connections are allowed.
Please see https://chromedriver.chromium.org/security-considerations for suggestions on keeping ChromeDriver safe.
ChromeDriver was started successfully.
]]></system-err>
  </testcase>
  <testcase name="submitFindFlights" classname="Blazedemo.blazedemo.testcases.Booking" time="2.364">
    <system-out><![CDATA[Test Passed
]]></system-out>
  </testcase>
  <testcase name="fillReservationForm[Sewer, Sandiago, Frabce, venice, 565433, VISA, 98761252722, 11, 2029, Naishah](1)" classname="Blazedemo.blazedemo.testcases.Booking" time="1.395">
    <system-out><![CDATA[The total number of rows 1
The total number of columns 10
Test Passed
]]></system-out>
  </testcase>
  <testcase name="captureSuccessMessage" classname="Blazedemo.blazedemo.testcases.Booking" time="0.036">
    <system-out><![CDATA[Test Passed
]]></system-out>
  </testcase>
  <testcase name="assertConfirmationId" classname="Blazedemo.blazedemo.testcases.Booking" time="0.026">
    <system-out><![CDATA[Confirmation id is generated and printed as 1639938367881
Test Passed
]]></system-out>
  </testcase>
</testsuite>