<?xml version="1.0" encoding="UTF-8"?>
<testsuite xmlns:xsi="http://www.w3.org/2001/XMLSchema-instance" xsi:noNamespaceSchemaLocation="https://maven.apache.org/surefire/maven-surefire-plugin/xsd/surefire-test-report-3.0.xsd" version="3.0" name="TestSuite" time="9.302" tests="7" errors="0" skipped="6" failures="1">
  <properties>
[...]
</properties>
  <testcase name="setupApplication" classname="Blazedemo.blazedemo.testcases.Booking" time="8.921">
    <failure message="session not created&#10;from tab crashed&#10;  (Session info: chrome=96.0.4664.110)&#10;  (Driver info: chromedriver=96.0.4664.45 (76e4c1bb2ab4671b8beba3444e61c0f17584b2fc-refs/branch-heads/4664@{#947}),platform=Windows NT 10.0.18363 x86_64) (WARNING: The server did not provide any stacktrace information)&#10;Command duration or timeout: 3.05 seconds&#10;Build info: version: &apos;2.45.0&apos;, revision: &apos;5017cb8e7ca8e37638dc3091b2440b90a1d8686f&apos;, time: &apos;2015-02-27 09:10:26&apos;&#10;System info: host: &apos;W10CG753X2&apos;, ip: &apos;10.91.72.232&apos;, os.name: &apos;Windows 10&apos;, os.arch: &apos;amd64&apos;, os.version: &apos;10.0&apos;, java.version: &apos;11.0.13&apos;&#10;Driver info: org.openqa.selenium.chrome.ChromeDriver" type="org.openqa.selenium.SessionNotCreatedException"><![CDATA[org.openqa.selenium.SessionNotCreatedException: 
session not created
from tab crashed
  (Session info: chrome=96.0.4664.110)
  (Driver info: chromedriver=96.0.4664.45 (76e4c1bb2ab4671b8beba3444e61c0f17584b2fc-refs/branch-heads/4664@{#947}),platform=Windows NT 10.0.18363 x86_64) (WARNING: The server did not provide any stacktrace information)
Command duration or timeout: 3.05 seconds
Build info: version: '2.45.0', revision: '5017cb8e7ca8e37638dc3091b2440b90a1d8686f', time: '2015-02-27 09:10:26'
System info: host: 'W10CG753X2', ip: '10.91.72.232', os.name: 'Windows 10', os.arch: 'amd64', os.version: '10.0', java.version: '11.0.13'
Driver info: org.openqa.selenium.chrome.ChromeDriver
]]></failure>
    <system-out><![CDATA[===== Browser Session Started =====
]]></system-out>
    <system-err><![CDATA[SLF4J: Failed to load class "org.slf4j.impl.StaticLoggerBinder".
SLF4J: Defaulting to no-operation (NOP) logger implementation
SLF4J: See http://www.slf4j.org/codes.html#StaticLoggerBinder for further details.
Starting ChromeDriver 96.0.4664.45 (76e4c1bb2ab4671b8beba3444e61c0f17584b2fc-refs/branch-heads/4664@{#947}) on port 59586
Only local connections are allowed.
Please see https://chromedriver.chromium.org/security-considerations for suggestions on keeping ChromeDriver safe.
ChromeDriver was started successfully.
]]></system-err>
  </testcase>
  <testcase name="verifyTitleOfThePage" classname="Blazedemo.blazedemo.testcases.Booking" time="0">
    <skipped message="session not created&#10;from tab crashed&#10;  (Session info: chrome=96.0.4664.110)&#10;  (Driver info: chromedriver=96.0.4664.45 (76e4c1bb2ab4671b8beba3444e61c0f17584b2fc-refs/branch-heads/4664@{#947}),platform=Windows NT 10.0.18363 x86_64) (WARNING: The server did not provide any stacktrace information)&#10;Command duration or timeout: 3.05 seconds&#10;Build info: version: &apos;2.45.0&apos;, revision: &apos;5017cb8e7ca8e37638dc3091b2440b90a1d8686f&apos;, time: &apos;2015-02-27 09:10:26&apos;&#10;System info: host: &apos;W10CG753X2&apos;, ip: &apos;10.91.72.232&apos;, os.name: &apos;Windows 10&apos;, os.arch: &apos;amd64&apos;, os.version: &apos;10.0&apos;, java.version: &apos;11.0.13&apos;&#10;Driver info: org.openqa.selenium.chrome.ChromeDriver"/>
  </testcase>
  <testcase name="submitFindFlights" classname="Blazedemo.blazedemo.testcases.Booking" time="0">
    <skipped message="session not created&#10;from tab crashed&#10;  (Session info: chrome=96.0.4664.110)&#10;  (Driver info: chromedriver=96.0.4664.45 (76e4c1bb2ab4671b8beba3444e61c0f17584b2fc-refs/branch-heads/4664@{#947}),platform=Windows NT 10.0.18363 x86_64) (WARNING: The server did not provide any stacktrace information)&#10;Command duration or timeout: 3.05 seconds&#10;Build info: version: &apos;2.45.0&apos;, revision: &apos;5017cb8e7ca8e37638dc3091b2440b90a1d8686f&apos;, time: &apos;2015-02-27 09:10:26&apos;&#10;System info: host: &apos;W10CG753X2&apos;, ip: &apos;10.91.72.232&apos;, os.name: &apos;Windows 10&apos;, os.arch: &apos;amd64&apos;, os.version: &apos;10.0&apos;, java.version: &apos;11.0.13&apos;&#10;Driver info: org.openqa.selenium.chrome.ChromeDriver"/>
  </testcase>
  <testcase name="fillReservationForm" classname="Blazedemo.blazedemo.testcases.Booking" time="0">
    <skipped message="Method Booking.fillReservationForm()[pri:2, instance:Blazedemo.blazedemo.testcases.Booking@74d1dc36] depends on not successfully finished methods"/>
  </testcase>
  <testcase name="captureSuccessMessage" classname="Blazedemo.blazedemo.testcases.Booking" time="0">
    <skipped message="Method Booking.captureSuccessMessage()[pri:3, instance:Blazedemo.blazedemo.testcases.Booking@74d1dc36] depends on not successfully finished methods"/>
  </testcase>
  <testcase name="assertConfirmationId" classname="Blazedemo.blazedemo.testcases.Booking" time="0">
    <skipped message="Method Booking.assertConfirmationId()[pri:4, instance:Blazedemo.blazedemo.testcases.Booking@74d1dc36] depends on not successfully finished methods"/>
  </testcase>
  <testcase name="afterTest" classname="Blazedemo.blazedemo.testcases.Booking" time="0">
    <skipped/>
  </testcase>
</testsuite>