<?xml version="1.0" encoding="UTF-8"?>
<testng-results ignored="0" total="5" passed="2" failed="0" skipped="3">
  <reporter-output>
    <line>
      <![CDATA[===== Browser Session Started =====]]>
    </line>
    <line>
      <![CDATA[=====Application Started=====]]>
    </line>
    <line>
      <![CDATA[=====Application Finished=====]]>
    </line>
  </reporter-output>
  <suite started-at="2021-12-19T23:51:03 IST" name="Default suite" finished-at="2021-12-19T23:51:13 IST" duration-ms="9860">
    <groups>
    </groups>
    <test started-at="2021-12-19T23:51:03 IST" name="Default test" finished-at="2021-12-19T23:51:13 IST" duration-ms="9860">
      <class name="Blazedemo.blazedemo.testcases.Booking">
        <test-method is-config="true" signature="setupApplication()[pri:0, instance:Blazedemo.blazedemo.testcases.Booking@4a003cbe]" started-at="2021-12-19T23:51:03 IST" name="setupApplication" finished-at="2021-12-19T23:51:11 IST" duration-ms="7775" status="PASS">
          <reporter-output>
            <line>
              <![CDATA[===== Browser Session Started =====]]>
            </line>
            <line>
              <![CDATA[=====Application Started=====]]>
            </line>
          </reporter-output>
        </test-method> <!-- setupApplication -->
        <test-method signature="verifyTitleOfThePage()[pri:0, instance:Blazedemo.blazedemo.testcases.Booking@4a003cbe]" started-at="2021-12-19T23:51:11 IST" name="verifyTitleOfThePage" finished-at="2021-12-19T23:51:11 IST" duration-ms="47" status="PASS">
          <reporter-output>
          </reporter-output>
        </test-method> <!-- verifyTitleOfThePage -->
        <test-method signature="submitFindFlights()[pri:1, instance:Blazedemo.blazedemo.testcases.Booking@4a003cbe]" started-at="2021-12-19T23:51:11 IST" name="submitFindFlights" finished-at="2021-12-19T23:51:12 IST" duration-ms="1506" status="PASS">
          <reporter-output>
          </reporter-output>
        </test-method> <!-- submitFindFlights -->
        <test-method signature="fillReservationForm(java.lang.String,java.lang.String,java.lang.String,java.lang.String,java.lang.String,java.lang.String,java.lang.String,java.lang.String,java.lang.String,java.lang.String)[pri:2, instance:Blazedemo.blazedemo.testcases.Booking@4a003cbe]" started-at="2021-12-19T23:51:12 IST" name="fillReservationForm" data-provider="UIDataProvider" finished-at="2021-12-19T23:51:12 IST" depends-on-methods="Blazedemo.blazedemo.testcases.Booking.submitFindFlights" duration-ms="0" status="SKIP">
          <exception class="java.lang.RuntimeException">
            <message>
              <![CDATA[java.lang.NullPointerException]]>
            </message>
            <full-stacktrace>
              <![CDATA[java.lang.RuntimeException: java.lang.NullPointerException
at org.testng.internal.MethodInvocationHelper.invokeMethodNoCheckedException(MethodInvocationHelper.java:50)
at org.testng.internal.MethodInvocationHelper.invokeDataProvider(MethodInvocationHelper.java:146)
at org.testng.internal.Parameters.handleParameters(Parameters.java:798)
at org.testng.internal.Parameters.handleParameters(Parameters.java:740)
at org.testng.internal.ParameterHandler.handleParameters(ParameterHandler.java:59)
at org.testng.internal.ParameterHandler.createParameters(ParameterHandler.java:38)
at org.testng.internal.TestInvoker$MethodInvocationAgent.invoke(TestInvoker.java:791)
at org.testng.internal.TestInvoker.invokeTestMethods(TestInvoker.java:146)
at org.testng.internal.TestMethodWorker.invokeTestMethods(TestMethodWorker.java:146)
at org.testng.internal.TestMethodWorker.run(TestMethodWorker.java:128)
at java.base/java.util.ArrayList.forEach(ArrayList.java:1541)
at org.testng.TestRunner.privateRun(TestRunner.java:794)
at org.testng.TestRunner.run(TestRunner.java:596)
at org.testng.SuiteRunner.runTest(SuiteRunner.java:377)
at org.testng.SuiteRunner.runSequentially(SuiteRunner.java:371)
at org.testng.SuiteRunner.privateRun(SuiteRunner.java:332)
at org.testng.SuiteRunner.run(SuiteRunner.java:276)
at org.testng.SuiteRunnerWorker.runSuite(SuiteRunnerWorker.java:53)
at org.testng.SuiteRunnerWorker.run(SuiteRunnerWorker.java:96)
at org.testng.TestNG.runSuitesSequentially(TestNG.java:1212)
at org.testng.TestNG.runSuitesLocally(TestNG.java:1134)
at org.testng.TestNG.runSuites(TestNG.java:1063)
at org.testng.TestNG.run(TestNG.java:1031)
at org.testng.remote.AbstractRemoteTestNG.run(AbstractRemoteTestNG.java:115)
at org.testng.remote.RemoteTestNG.initAndRun(RemoteTestNG.java:251)
at org.testng.remote.RemoteTestNG.main(RemoteTestNG.java:77)
Caused by: java.lang.NullPointerException
at utils.XLUtility.getCellData(XLUtility.java:54)
at Blazedemo.blazedemo.testcases.Booking.getData(Booking.java:108)
at java.base/jdk.internal.reflect.NativeMethodAccessorImpl.invoke0(Native Method)
at java.base/jdk.internal.reflect.NativeMethodAccessorImpl.invoke(NativeMethodAccessorImpl.java:62)
at java.base/jdk.internal.reflect.DelegatingMethodAccessorImpl.invoke(DelegatingMethodAccessorImpl.java:43)
at java.base/java.lang.reflect.Method.invoke(Method.java:566)
at org.testng.internal.MethodInvocationHelper.invokeMethod(MethodInvocationHelper.java:133)
at org.testng.internal.MethodInvocationHelper.invokeMethod(MethodInvocationHelper.java:77)
at org.testng.internal.MethodInvocationHelper.invokeMethodNoCheckedException(MethodInvocationHelper.java:46)
... 25 more
]]>
            </full-stacktrace>
          </exception> <!-- java.lang.RuntimeException -->
          <reporter-output>
          </reporter-output>
        </test-method> <!-- fillReservationForm -->
        <test-method signature="captureSuccessMessage()[pri:3, instance:Blazedemo.blazedemo.testcases.Booking@4a003cbe]" started-at="2021-12-19T23:51:12 IST" name="captureSuccessMessage" finished-at="2021-12-19T23:51:12 IST" depends-on-methods="Blazedemo.blazedemo.testcases.Booking.fillReservationForm" duration-ms="0" status="SKIP">
          <exception class="java.lang.Throwable">
            <message>
              <![CDATA[Method Booking.captureSuccessMessage()[pri:3, instance:Blazedemo.blazedemo.testcases.Booking@4a003cbe] depends on not successfully finished methods]]>
            </message>
            <full-stacktrace>
              <![CDATA[java.lang.Throwable: Method Booking.captureSuccessMessage()[pri:3, instance:Blazedemo.blazedemo.testcases.Booking@4a003cbe] depends on not successfully finished methods
at org.testng.internal.TestInvoker.invokeTestMethods(TestInvoker.java:102)
at org.testng.internal.TestMethodWorker.invokeTestMethods(TestMethodWorker.java:146)
at org.testng.internal.TestMethodWorker.run(TestMethodWorker.java:128)
at java.base/java.util.ArrayList.forEach(ArrayList.java:1541)
at org.testng.TestRunner.privateRun(TestRunner.java:794)
at org.testng.TestRunner.run(TestRunner.java:596)
at org.testng.SuiteRunner.runTest(SuiteRunner.java:377)
at org.testng.SuiteRunner.runSequentially(SuiteRunner.java:371)
at org.testng.SuiteRunner.privateRun(SuiteRunner.java:332)
at org.testng.SuiteRunner.run(SuiteRunner.java:276)
at org.testng.SuiteRunnerWorker.runSuite(SuiteRunnerWorker.java:53)
at org.testng.SuiteRunnerWorker.run(SuiteRunnerWorker.java:96)
at org.testng.TestNG.runSuitesSequentially(TestNG.java:1212)
at org.testng.TestNG.runSuitesLocally(TestNG.java:1134)
at org.testng.TestNG.runSuites(TestNG.java:1063)
at org.testng.TestNG.run(TestNG.java:1031)
at org.testng.remote.AbstractRemoteTestNG.run(AbstractRemoteTestNG.java:115)
at org.testng.remote.RemoteTestNG.initAndRun(RemoteTestNG.java:251)
at org.testng.remote.RemoteTestNG.main(RemoteTestNG.java:77)
]]>
            </full-stacktrace>
          </exception> <!-- java.lang.Throwable -->
          <reporter-output>
          </reporter-output>
        </test-method> <!-- captureSuccessMessage -->
        <test-method signature="assertConfirmationId()[pri:4, instance:Blazedemo.blazedemo.testcases.Booking@4a003cbe]" started-at="2021-12-19T23:51:12 IST" name="assertConfirmationId" finished-at="2021-12-19T23:51:12 IST" depends-on-methods="Blazedemo.blazedemo.testcases.Booking.captureSuccessMessage" duration-ms="0" status="SKIP">
          <exception class="java.lang.Throwable">
            <message>
              <![CDATA[Method Booking.assertConfirmationId()[pri:4, instance:Blazedemo.blazedemo.testcases.Booking@4a003cbe] depends on not successfully finished methods]]>
            </message>
            <full-stacktrace>
              <![CDATA[java.lang.Throwable: Method Booking.assertConfirmationId()[pri:4, instance:Blazedemo.blazedemo.testcases.Booking@4a003cbe] depends on not successfully finished methods
at org.testng.internal.TestInvoker.invokeTestMethods(TestInvoker.java:102)
at org.testng.internal.TestMethodWorker.invokeTestMethods(TestMethodWorker.java:146)
at org.testng.internal.TestMethodWorker.run(TestMethodWorker.java:128)
at java.base/java.util.ArrayList.forEach(ArrayList.java:1541)
at org.testng.TestRunner.privateRun(TestRunner.java:794)
at org.testng.TestRunner.run(TestRunner.java:596)
at org.testng.SuiteRunner.runTest(SuiteRunner.java:377)
at org.testng.SuiteRunner.runSequentially(SuiteRunner.java:371)
at org.testng.SuiteRunner.privateRun(SuiteRunner.java:332)
at org.testng.SuiteRunner.run(SuiteRunner.java:276)
at org.testng.SuiteRunnerWorker.runSuite(SuiteRunnerWorker.java:53)
at org.testng.SuiteRunnerWorker.run(SuiteRunnerWorker.java:96)
at org.testng.TestNG.runSuitesSequentially(TestNG.java:1212)
at org.testng.TestNG.runSuitesLocally(TestNG.java:1134)
at org.testng.TestNG.runSuites(TestNG.java:1063)
at org.testng.TestNG.run(TestNG.java:1031)
at org.testng.remote.AbstractRemoteTestNG.run(AbstractRemoteTestNG.java:115)
at org.testng.remote.RemoteTestNG.initAndRun(RemoteTestNG.java:251)
at org.testng.remote.RemoteTestNG.main(RemoteTestNG.java:77)
]]>
            </full-stacktrace>
          </exception> <!-- java.lang.Throwable -->
          <reporter-output>
          </reporter-output>
        </test-method> <!-- assertConfirmationId -->
        <test-method is-config="true" signature="afterTest()[pri:0, instance:Blazedemo.blazedemo.testcases.Booking@4a003cbe]" started-at="2021-12-19T23:51:12 IST" name="afterTest" finished-at="2021-12-19T23:51:13 IST" duration-ms="300" status="PASS">
          <reporter-output>
            <line>
              <![CDATA[=====Application Finished=====]]>
            </line>
          </reporter-output>
        </test-method> <!-- afterTest -->
      </class> <!-- Blazedemo.blazedemo.testcases.Booking -->
    </test> <!-- Default test -->
  </suite> <!-- Default suite -->
</testng-results>
